<?xml version="1.0" encoding="UTF-8"?>
<testng-results ignored="0" total="1" passed="1" failed="0" skipped="0">
  <reporter-output>
  </reporter-output>
  <suite started-at="2023-06-21T20:07:21 IST" name="Default suite" finished-at="2023-06-21T20:07:41 IST" duration-ms="19688">
    <groups>
    </groups>
    <test started-at="2023-06-21T20:07:21 IST" name="Default test" finished-at="2023-06-21T20:07:41 IST" duration-ms="19688">
      <class name="Module1_login_Test.PBLoginTest1">
        <test-method is-config="true" signature="openBrowser()[pri:0, instance:Module1_login_Test.PBLoginTest1@3cebbb30]" started-at="2023-06-21T20:07:21 IST" name="openBrowser" finished-at="2023-06-21T20:07:27 IST" duration-ms="5652" status="PASS">
          <reporter-output>
          </reporter-output>
        </test-method> <!-- openBrowser -->
        <test-method is-config="true" signature="loginToApp()[pri:0, instance:Module1_login_Test.PBLoginTest1@3cebbb30]" started-at="2023-06-21T20:07:27 IST" name="loginToApp" finished-at="2023-06-21T20:07:33 IST" duration-ms="6168" status="PASS">
          <reporter-output>
          </reporter-output>
        </test-method> <!-- loginToApp -->
        <test-method signature="verifyFullName()[pri:0, instance:Module1_login_Test.PBLoginTest1@3cebbb30]" started-at="2023-06-21T20:07:33 IST" name="verifyFullName" finished-at="2023-06-21T20:07:38 IST" duration-ms="5144" status="PASS">
          <reporter-output>
          </reporter-output>
        </test-method> <!-- verifyFullName -->
        <test-method is-config="true" signature="logoutFromApp(org.testng.ITestResult)[pri:0, instance:Module1_login_Test.PBLoginTest1@3cebbb30]" started-at="2023-06-21T20:07:38 IST" name="logoutFromApp" finished-at="2023-06-21T20:07:38 IST" duration-ms="1" status="PASS">
          <params>
            <param index="0">
              <value>
                <![CDATA[[TestResult name=verifyFullName status=SUCCESS method=PBLoginTest1.verifyFullName()[pri:0, instance:Module1_login_Test.PBLoginTest1@3cebbb30] output={null}]]]>
              </value>
            </param>
          </params>
          <reporter-output>
          </reporter-output>
        </test-method> <!-- logoutFromApp -->
        <test-method is-config="true" signature="closeBrowser()[pri:0, instance:Module1_login_Test.PBLoginTest1@3cebbb30]" started-at="2023-06-21T20:07:38 IST" name="closeBrowser" finished-at="2023-06-21T20:07:41 IST" duration-ms="2703" status="PASS">
          <reporter-output>
          </reporter-output>
        </test-method> <!-- closeBrowser -->
      </class> <!-- Module1_login_Test.PBLoginTest1 -->
    </test> <!-- Default test -->
  </suite> <!-- Default suite -->
</testng-results>
