<?xml version="1.0" encoding="UTF-8"?>
<testng-results ignored="0" total="1" passed="1" failed="0" skipped="0">
  <reporter-output>
  </reporter-output>
  <suite started-at="2023-07-05T16:10:02 IST" name="PBLoginTest" finished-at="2023-07-05T16:10:22 IST" duration-ms="19792">
    <groups>
    </groups>
    <test started-at="2023-07-05T16:10:02 IST" name="Test2_chrome" finished-at="2023-07-05T16:10:22 IST" duration-ms="19792">
      <class name="Module1_login_Test.PBLoginTest1">
        <test-method is-config="true" signature="openBrowser(java.lang.String)[pri:0, instance:Module1_login_Test.PBLoginTest1@27462a88]" started-at="2023-07-05T16:10:02 IST" name="openBrowser" finished-at="2023-07-05T16:10:06 IST" duration-ms="4481" status="PASS">
          <params>
            <param index="0">
              <value>
                <![CDATA[chrome]]>
              </value>
            </param>
          </params>
          <reporter-output>
          </reporter-output>
        </test-method> <!-- openBrowser -->
        <test-method is-config="true" signature="loginToApp()[pri:0, instance:Module1_login_Test.PBLoginTest1@27462a88]" started-at="2023-07-05T16:10:06 IST" name="loginToApp" finished-at="2023-07-05T16:10:13 IST" duration-ms="6810" status="PASS">
          <reporter-output>
          </reporter-output>
        </test-method> <!-- loginToApp -->
        <test-method signature="verifyFullName()[pri:0, instance:Module1_login_Test.PBLoginTest1@27462a88]" started-at="2023-07-05T16:10:13 IST" name="verifyFullName" finished-at="2023-07-05T16:10:19 IST" duration-ms="5720" status="PASS">
          <reporter-output>
          </reporter-output>
        </test-method> <!-- verifyFullName -->
        <test-method is-config="true" signature="logoutFromApp(org.testng.ITestResult)[pri:0, instance:Module1_login_Test.PBLoginTest1@27462a88]" started-at="2023-07-05T16:10:19 IST" name="logoutFromApp" finished-at="2023-07-05T16:10:19 IST" duration-ms="0" status="PASS">
          <params>
            <param index="0">
              <value>
                <![CDATA[[TestResult name=verifyFullName status=SUCCESS method=PBLoginTest1.verifyFullName()[pri:0, instance:Module1_login_Test.PBLoginTest1@27462a88] output={null}]]]>
              </value>
            </param>
          </params>
          <reporter-output>
          </reporter-output>
        </test-method> <!-- logoutFromApp -->
        <test-method is-config="true" signature="closeBrowser()[pri:0, instance:Module1_login_Test.PBLoginTest1@27462a88]" started-at="2023-07-05T16:10:19 IST" name="closeBrowser" finished-at="2023-07-05T16:10:22 IST" duration-ms="2746" status="PASS">
          <reporter-output>
          </reporter-output>
        </test-method> <!-- closeBrowser -->
      </class> <!-- Module1_login_Test.PBLoginTest1 -->
    </test> <!-- Test2_chrome -->
  </suite> <!-- PBLoginTest -->
</testng-results>
